This is pdfTeX, Version 3.141592653-2.6-1.40.23 (MiKTeX 21.8) (preloaded format=pdflatex 2021.8.28)  28 NOV 2021 21:12
entering extended mode
**E:/Latex/ExtraWork/ComputerArchitechture/Report.tex
(E:/Latex/ExtraWork/ComputerArchitechture/Report.tex
LaTeX2e <2021-06-01> patch level 1
L3 programming layer <2021-07-12>
(C:\Users\Kim So\AppData\Local\Programs\MiKTeX\tex/latex/extsizes\extreport.cls
Document Class: extreport 1996/10/08 v1.0 Non Standard LaTeX document class
(C:\Users\Kim So\AppData\Local\Programs\MiKTeX\tex/latex/base\size12.clo
File: size12.clo 2021/02/12 v1.4n Standard LaTeX file (size option)
)
(C:\Users\Kim So\AppData\Local\Programs\MiKTeX\tex/latex/base\exscale.sty
Package: exscale 2018/09/24 v2.1i Standard LaTeX package exscale
LaTeX Font Info:    Redeclaring symbol font `largesymbols' on input line 57.
LaTeX Font Info:    Overwriting symbol font `largesymbols' in version `normal'
(Font)                  OMX/cmex/m/n --> OMX/cmex/m/n on input line 57.
LaTeX Font Info:    Overwriting symbol font `largesymbols' in version `bold'
(Font)                  OMX/cmex/m/n --> OMX/cmex/m/n on input line 57.
\big@size=\dimen138
)
\c@part=\count182
\c@chapter=\count183
\c@section=\count184
\c@subsection=\count185
\c@subsubsection=\count186
\c@paragraph=\count187
\c@subparagraph=\count188
\c@figure=\count189
\c@table=\count190
\abovecaptionskip=\skip47
\belowcaptionskip=\skip48
\bibindent=\dimen139
)
(C:\Users\Kim So\AppData\Local\Programs\MiKTeX\tex/latex/vntex\vietnam.sty
Package: vietnam 2009/07/12 v1.3 support for Vietnamese

(C:\Users\Kim So\AppData\Local\Programs\MiKTeX\tex/latex/base\ifthen.sty
Package: ifthen 2020/11/24 v1.1c Standard LaTeX ifthen package (DPC)
)
(C:\Users\Kim So\AppData\Local\Programs\MiKTeX\tex/latex/base\fontenc.sty
Package: fontenc 2021/04/29 v2.0v Standard LaTeX package

(C:\Users\Kim So\AppData\Local\Programs\MiKTeX\tex/latex/vntex\t5enc.def
File: t5enc.def 2006/11/21 v1.4 Vietnamese T5 encoding
Now handling font encoding T5 ...
... processing UTF-8 mapping file for font encoding T5

(C:\Users\Kim So\AppData\Local\Programs\MiKTeX\tex/latex/vntex\t5enc.dfu
File: t5enc.dfu 2006/08/19 v1.1 UTF8 support for Vietnamese
   defining Unicode char U+00AB (decimal 171)
   defining Unicode char U+00BB (decimal 187)
   defining Unicode char U+00C0 (decimal 192)
   defining Unicode char U+00C1 (decimal 193)
   defining Unicode char U+00C2 (decimal 194)
   defining Unicode char U+00C3 (decimal 195)
   defining Unicode char U+00C8 (decimal 200)
   defining Unicode char U+00C9 (decimal 201)
   defining Unicode char U+00CA (decimal 202)
   defining Unicode char U+00CC (decimal 204)
   defining Unicode char U+00CD (decimal 205)
   defining Unicode char U+00D2 (decimal 210)
   defining Unicode char U+00D3 (decimal 211)
   defining Unicode char U+00D4 (decimal 212)
   defining Unicode char U+00D5 (decimal 213)
   defining Unicode char U+00D9 (decimal 217)
   defining Unicode char U+00DA (decimal 218)
   defining Unicode char U+00DD (decimal 221)
   defining Unicode char U+00E0 (decimal 224)
   defining Unicode char U+00E1 (decimal 225)
   defining Unicode char U+00E2 (decimal 226)
   defining Unicode char U+00E3 (decimal 227)
   defining Unicode char U+00E8 (decimal 232)
   defining Unicode char U+00E9 (decimal 233)
   defining Unicode char U+00EA (decimal 234)
   defining Unicode char U+00EC (decimal 236)
   defining Unicode char U+00ED (decimal 237)
   defining Unicode char U+00F2 (decimal 242)
   defining Unicode char U+00F3 (decimal 243)
   defining Unicode char U+00F4 (decimal 244)
   defining Unicode char U+00F5 (decimal 245)
   defining Unicode char U+00F9 (decimal 249)
   defining Unicode char U+00FA (decimal 250)
   defining Unicode char U+00FD (decimal 253)
   defining Unicode char U+0102 (decimal 258)
   defining Unicode char U+0103 (decimal 259)
   defining Unicode char U+0110 (decimal 272)
   defining Unicode char U+0111 (decimal 273)
   defining Unicode char U+0128 (decimal 296)
   defining Unicode char U+0129 (decimal 297)
   defining Unicode char U+0131 (decimal 305)
   defining Unicode char U+0168 (decimal 360)
   defining Unicode char U+0169 (decimal 361)
   defining Unicode char U+01A0 (decimal 416)
   defining Unicode char U+01A1 (decimal 417)
   defining Unicode char U+01AF (decimal 431)
   defining Unicode char U+01B0 (decimal 432)
   defining Unicode char U+1EA0 (decimal 7840)
   defining Unicode char U+1EA1 (decimal 7841)
   defining Unicode char U+1EA2 (decimal 7842)
   defining Unicode char U+1EA3 (decimal 7843)
   defining Unicode char U+1EA4 (decimal 7844)
   defining Unicode char U+1EA5 (decimal 7845)
   defining Unicode char U+1EA6 (decimal 7846)
   defining Unicode char U+1EA7 (decimal 7847)
   defining Unicode char U+1EA8 (decimal 7848)
   defining Unicode char U+1EA9 (decimal 7849)
   defining Unicode char U+1EAA (decimal 7850)
   defining Unicode char U+1EAB (decimal 7851)
   defining Unicode char U+1EAC (decimal 7852)
   defining Unicode char U+1EAD (decimal 7853)
   defining Unicode char U+1EAE (decimal 7854)
   defining Unicode char U+1EAF (decimal 7855)
   defining Unicode char U+1EB0 (decimal 7856)
   defining Unicode char U+1EB1 (decimal 7857)
   defining Unicode char U+1EB2 (decimal 7858)
   defining Unicode char U+1EB3 (decimal 7859)
   defining Unicode char U+1EB4 (decimal 7860)
   defining Unicode char U+1EB5 (decimal 7861)
   defining Unicode char U+1EB6 (decimal 7862)
   defining Unicode char U+1EB7 (decimal 7863)
   defining Unicode char U+1EB8 (decimal 7864)
   defining Unicode char U+1EB9 (decimal 7865)
   defining Unicode char U+1EBA (decimal 7866)
   defining Unicode char U+1EBB (decimal 7867)
   defining Unicode char U+1EBC (decimal 7868)
   defining Unicode char U+1EBD (decimal 7869)
   defining Unicode char U+1EBE (decimal 7870)
   defining Unicode char U+1EBF (decimal 7871)
   defining Unicode char U+1EC0 (decimal 7872)
   defining Unicode char U+1EC1 (decimal 7873)
   defining Unicode char U+1EC2 (decimal 7874)
   defining Unicode char U+1EC3 (decimal 7875)
   defining Unicode char U+1EC4 (decimal 7876)
   defining Unicode char U+1EC5 (decimal 7877)
   defining Unicode char U+1EC6 (decimal 7878)
   defining Unicode char U+1EC7 (decimal 7879)
   defining Unicode char U+1EC8 (decimal 7880)
   defining Unicode char U+1EC9 (decimal 7881)
   defining Unicode char U+1ECA (decimal 7882)
   defining Unicode char U+1ECB (decimal 7883)
   defining Unicode char U+1ECC (decimal 7884)
   defining Unicode char U+1ECD (decimal 7885)
   defining Unicode char U+1ECE (decimal 7886)
   defining Unicode char U+1ECF (decimal 7887)
   defining Unicode char U+1ED0 (decimal 7888)
   defining Unicode char U+1ED1 (decimal 7889)
   defining Unicode char U+1ED2 (decimal 7890)
   defining Unicode char U+1ED3 (decimal 7891)
   defining Unicode char U+1ED4 (decimal 7892)
   defining Unicode char U+1ED5 (decimal 7893)
   defining Unicode char U+1ED6 (decimal 7894)
   defining Unicode char U+1ED7 (decimal 7895)
   defining Unicode char U+1ED8 (decimal 7896)
   defining Unicode char U+1ED9 (decimal 7897)
   defining Unicode char U+1EDA (decimal 7898)
   defining Unicode char U+1EDB (decimal 7899)
   defining Unicode char U+1EDC (decimal 7900)
   defining Unicode char U+1EDD (decimal 7901)
   defining Unicode char U+1EDE (decimal 7902)
   defining Unicode char U+1EDF (decimal 7903)
   defining Unicode char U+1EE0 (decimal 7904)
   defining Unicode char U+1EE1 (decimal 7905)
   defining Unicode char U+1EE2 (decimal 7906)
   defining Unicode char U+1EE3 (decimal 7907)
   defining Unicode char U+1EE4 (decimal 7908)
   defining Unicode char U+1EE5 (decimal 7909)
   defining Unicode char U+1EE6 (decimal 7910)
   defining Unicode char U+1EE7 (decimal 7911)
   defining Unicode char U+1EE8 (decimal 7912)
   defining Unicode char U+1EE9 (decimal 7913)
   defining Unicode char U+1EEA (decimal 7914)
   defining Unicode char U+1EEB (decimal 7915)
   defining Unicode char U+1EEC (decimal 7916)
   defining Unicode char U+1EED (decimal 7917)
   defining Unicode char U+1EEE (decimal 7918)
   defining Unicode char U+1EEF (decimal 7919)
   defining Unicode char U+1EF0 (decimal 7920)
   defining Unicode char U+1EF1 (decimal 7921)
   defining Unicode char U+1EF2 (decimal 7922)
   defining Unicode char U+1EF3 (decimal 7923)
   defining Unicode char U+1EF4 (decimal 7924)
   defining Unicode char U+1EF5 (decimal 7925)
   defining Unicode char U+1EF6 (decimal 7926)
   defining Unicode char U+1EF7 (decimal 7927)
   defining Unicode char U+1EF8 (decimal 7928)
   defining Unicode char U+1EF9 (decimal 7929)
   defining Unicode char U+200C (decimal 8204)
   defining Unicode char U+2013 (decimal 8211)
   defining Unicode char U+2014 (decimal 8212)
   defining Unicode char U+2018 (decimal 8216)
   defining Unicode char U+2019 (decimal 8217)
   defining Unicode char U+201A (decimal 8218)
   defining Unicode char U+201C (decimal 8220)
   defining Unicode char U+201D (decimal 8221)
   defining Unicode char U+201E (decimal 8222)
   defining Unicode char U+2030 (decimal 8240)
   defining Unicode char U+2031 (decimal 8241)
   defining Unicode char U+2039 (decimal 8249)
   defining Unicode char U+203A (decimal 8250)
   defining Unicode char U+2423 (decimal 9251)
))
LaTeX Font Info:    Trying to load font information for T5+cmr on input line 11
2.

(C:\Users\Kim So\AppData\Local\Programs\MiKTeX\tex/latex/vntex\t5cmr.fd
File: t5cmr.fd 1999/05/25 v2.5h Standard LaTeX font definitions
))
(C:\Users\Kim So\AppData\Local\Programs\MiKTeX\tex/latex/base\inputenc.sty
Package: inputenc 2021/02/14 v1.3d Input encoding file
\inpenc@prehook=\toks16
\inpenc@posthook=\toks17
)
(C:\Users\Kim So\AppData\Local\Programs\MiKTeX\tex/latex/vntex\vncaps.tex
File: vncaps.tex 2006/06/07 v1.1 Captions in Vietnamese
))
(C:\Users\Kim So\AppData\Local\Programs\MiKTeX\tex/latex/geometry\geometry.sty
Package: geometry 2020/01/02 v5.9 Page Geometry

(C:\Users\Kim So\AppData\Local\Programs\MiKTeX\tex/latex/graphics\keyval.sty
Package: keyval 2014/10/28 v1.15 key=value parser (DPC)
\KV@toks@=\toks18
)
(C:\Users\Kim So\AppData\Local\Programs\MiKTeX\tex/generic/iftex\ifvtex.sty
Package: ifvtex 2019/10/25 v1.7 ifvtex legacy package. Use iftex instead.

(C:\Users\Kim So\AppData\Local\Programs\MiKTeX\tex/generic/iftex\iftex.sty
Package: iftex 2020/03/06 v1.0d TeX engine tests
))
\Gm@cnth=\count191
\Gm@cntv=\count192
\c@Gm@tempcnt=\count193
\Gm@bindingoffset=\dimen140
\Gm@wd@mp=\dimen141
\Gm@odd@mp=\dimen142
\Gm@even@mp=\dimen143
\Gm@layoutwidth=\dimen144
\Gm@layoutheight=\dimen145
\Gm@layouthoffset=\dimen146
\Gm@layoutvoffset=\dimen147
\Gm@dimlist=\toks19

(C:\Users\Kim So\AppData\Local\Programs\MiKTeX\tex/latex/geometry\geometry.cfg)
) (C:\Users\Kim So\AppData\Local\Programs\MiKTeX\tex/latex/amsmath\amsmath.sty
Package: amsmath 2021/04/20 v2.17j AMS math features
\@mathmargin=\skip49

For additional information on amsmath, use the `?' option.
(C:\Users\Kim So\AppData\Local\Programs\MiKTeX\tex/latex/amsmath\amstext.sty
Package: amstext 2000/06/29 v2.01 AMS text

(C:\Users\Kim So\AppData\Local\Programs\MiKTeX\tex/latex/amsmath\amsgen.sty
File: amsgen.sty 1999/11/30 v2.0 generic functions
\@emptytoks=\toks20
\ex@=\dimen148
))
(C:\Users\Kim So\AppData\Local\Programs\MiKTeX\tex/latex/amsmath\amsbsy.sty
Package: amsbsy 1999/11/29 v1.2d Bold Symbols
\pmbraise@=\dimen149
)
(C:\Users\Kim So\AppData\Local\Programs\MiKTeX\tex/latex/amsmath\amsopn.sty
Package: amsopn 2016/03/08 v2.02 operator names
)
\inf@bad=\count194
LaTeX Info: Redefining \frac on input line 234.
\uproot@=\count195
\leftroot@=\count196
LaTeX Info: Redefining \overline on input line 399.
\classnum@=\count197
\DOTSCASE@=\count198
LaTeX Info: Redefining \ldots on input line 496.
LaTeX Info: Redefining \dots on input line 499.
LaTeX Info: Redefining \cdots on input line 620.
\Mathstrutbox@=\box50
\strutbox@=\box51
\big@size=\dimen150
LaTeX Font Info:    Redeclaring font encoding OML on input line 743.
LaTeX Font Info:    Redeclaring font encoding OMS on input line 744.
\macc@depth=\count199
\c@MaxMatrixCols=\count266
\dotsspace@=\muskip16
\c@parentequation=\count267
\dspbrk@lvl=\count268
\tag@help=\toks21
\row@=\count269
\column@=\count270
\maxfields@=\count271
\andhelp@=\toks22
\eqnshift@=\dimen151
\alignsep@=\dimen152
\tagshift@=\dimen153
\tagwidth@=\dimen154
\totwidth@=\dimen155
\lineht@=\dimen156
\@envbody=\toks23
\multlinegap=\skip50
\multlinetaggap=\skip51
\mathdisplay@stack=\toks24
LaTeX Info: Redefining \[ on input line 2923.
LaTeX Info: Redefining \] on input line 2924.
)
(C:\Users\Kim So\AppData\Local\Programs\MiKTeX\tex/latex/amsfonts\amsfonts.sty
Package: amsfonts 2013/01/14 v3.01 Basic AMSFonts support
\symAMSa=\mathgroup4
\symAMSb=\mathgroup5
LaTeX Font Info:    Redeclaring math symbol \hbar on input line 98.
LaTeX Font Info:    Overwriting math alphabet `\mathfrak' in version `bold'
(Font)                  U/euf/m/n --> U/euf/b/n on input line 106.
) (C:\Users\Kim So\AppData\Local\Programs\MiKTeX\tex/latex/amsfonts\amssymb.sty
Package: amssymb 2013/01/14 v3.01 AMS font symbols
) (C:\Users\Kim So\AppData\Local\Programs\MiKTeX\tex/latex/tools\enumerate.sty
Package: enumerate 2015/07/23 v3.00 enumerate extensions (DPC)
\@enLab=\toks25
)
(C:\Users\Kim So\AppData\Local\Programs\MiKTeX\tex/latex/hyperref\hyperref.sty
Package: hyperref 2021-06-07 v7.00m Hypertext links for LaTeX

(C:\Users\Kim So\AppData\Local\Programs\MiKTeX\tex/generic/ltxcmds\ltxcmds.sty
Package: ltxcmds 2020-05-10 v1.25 LaTeX kernel commands for general use (HO)
)
(C:\Users\Kim So\AppData\Local\Programs\MiKTeX\tex/generic/pdftexcmds\pdftexcmd
s.sty
Package: pdftexcmds 2020-06-27 v0.33 Utility functions of pdfTeX for LuaTeX (HO
)

(C:\Users\Kim So\AppData\Local\Programs\MiKTeX\tex/generic/infwarerr\infwarerr.
sty
Package: infwarerr 2019/12/03 v1.5 Providing info/warning/error messages (HO)
)
Package pdftexcmds Info: \pdf@primitive is available.
Package pdftexcmds Info: \pdf@ifprimitive is available.
Package pdftexcmds Info: \pdfdraftmode found.
)
(C:\Users\Kim So\AppData\Local\Programs\MiKTeX\tex/generic/kvsetkeys\kvsetkeys.
sty
Package: kvsetkeys 2019/12/15 v1.18 Key value parser (HO)
)
(C:\Users\Kim So\AppData\Local\Programs\MiKTeX\tex/generic/kvdefinekeys\kvdefin
ekeys.sty
Package: kvdefinekeys 2019-12-19 v1.6 Define keys (HO)
)
(C:\Users\Kim So\AppData\Local\Programs\MiKTeX\tex/generic/pdfescape\pdfescape.
sty
Package: pdfescape 2019/12/09 v1.15 Implements pdfTeX's escape features (HO)
)
(C:\Users\Kim So\AppData\Local\Programs\MiKTeX\tex/latex/hycolor\hycolor.sty
Package: hycolor 2020-01-27 v1.10 Color options for hyperref/bookmark (HO)
)
(C:\Users\Kim So\AppData\Local\Programs\MiKTeX\tex/latex/letltxmacro\letltxmacr
o.sty
Package: letltxmacro 2019/12/03 v1.6 Let assignment for LaTeX macros (HO)
)
(C:\Users\Kim So\AppData\Local\Programs\MiKTeX\tex/latex/auxhook\auxhook.sty
Package: auxhook 2019-12-17 v1.6 Hooks for auxiliary files (HO)
)
(C:\Users\Kim So\AppData\Local\Programs\MiKTeX\tex/latex/kvoptions\kvoptions.st
y
Package: kvoptions 2020-10-07 v3.14 Key value format for package options (HO)
)
\@linkdim=\dimen157
\Hy@linkcounter=\count272
\Hy@pagecounter=\count273
 (C:\Users\Kim So\AppData\Local\Programs\MiKTeX\tex/latex/hyperref\pd1enc.def
File: pd1enc.def 2021-06-07 v7.00m Hyperref: PDFDocEncoding definition (HO)
Now handling font encoding PD1 ...
... no UTF-8 mapping file for font encoding PD1
)
(C:\Users\Kim So\AppData\Local\Programs\MiKTeX\tex/latex/hyperref\hyperref-lang
patches.def
File: hyperref-langpatches.def 2021-06-07 v7.00m Hyperref: patches for babel la
nguages
)
(C:\Users\Kim So\AppData\Local\Programs\MiKTeX\tex/generic/intcalc\intcalc.sty
Package: intcalc 2019/12/15 v1.3 Expandable calculations with integers (HO)
)
(C:\Users\Kim So\AppData\Local\Programs\MiKTeX\tex/generic/etexcmds\etexcmds.st
y
Package: etexcmds 2019/12/15 v1.7 Avoid name clashes with e-TeX commands (HO)
)
\Hy@SavedSpaceFactor=\count274
 (C:\Users\Kim So\AppData\Local\Programs\MiKTeX\tex/latex/hyperref\puenc.def
File: puenc.def 2021-06-07 v7.00m Hyperref: PDF Unicode definition (HO)
Now handling font encoding PU ...
... no UTF-8 mapping file for font encoding PU
)
Package hyperref Info: Hyper figures OFF on input line 4192.
Package hyperref Info: Link nesting OFF on input line 4197.
Package hyperref Info: Hyper index ON on input line 4200.
Package hyperref Info: Plain pages OFF on input line 4207.
Package hyperref Info: Backreferencing OFF on input line 4212.
Package hyperref Info: Implicit mode ON; LaTeX internals redefined.
Package hyperref Info: Bookmarks ON on input line 4445.
\c@Hy@tempcnt=\count275
(C:\Users\Kim So\AppData\Local\Programs\MiKTeX\tex/latex/url\url.sty
\Urlmuskip=\muskip17
Package: url 2013/09/16  ver 3.4  Verb mode for urls, etc.
)
LaTeX Info: Redefining \url on input line 4804.
\XeTeXLinkMargin=\dimen158

(C:\Users\Kim So\AppData\Local\Programs\MiKTeX\tex/generic/bitset\bitset.sty
Package: bitset 2019/12/09 v1.3 Handle bit-vector datatype (HO)

(C:\Users\Kim So\AppData\Local\Programs\MiKTeX\tex/generic/bigintcalc\bigintcal
c.sty
Package: bigintcalc 2019/12/15 v1.5 Expandable calculations on big integers (HO
)
))
\Fld@menulength=\count276
\Field@Width=\dimen159
\Fld@charsize=\dimen160
Package hyperref Info: Hyper figures OFF on input line 6076.
Package hyperref Info: Link nesting OFF on input line 6081.
Package hyperref Info: Hyper index ON on input line 6084.
Package hyperref Info: backreferencing OFF on input line 6091.
Package hyperref Info: Link coloring OFF on input line 6096.
Package hyperref Info: Link coloring with OCG OFF on input line 6101.
Package hyperref Info: PDF/A mode OFF on input line 6106.
LaTeX Info: Redefining \ref on input line 6146.
LaTeX Info: Redefining \pageref on input line 6150.

(C:\Users\Kim So\AppData\Local\Programs\MiKTeX\tex/latex/base\atbegshi-ltx.sty
Package: atbegshi-ltx 2021/01/10 v1.0c Emulation of the original atbegshi
package with kernel methods
)
\Hy@abspage=\count277
\c@Item=\count278
\c@Hfootnote=\count279
)
Package hyperref Info: Driver (autodetected): hpdftex.
 (C:\Users\Kim So\AppData\Local\Programs\MiKTeX\tex/latex/hyperref\hpdftex.def
File: hpdftex.def 2021-06-07 v7.00m Hyperref driver for pdfTeX

(C:\Users\Kim So\AppData\Local\Programs\MiKTeX\tex/latex/base\atveryend-ltx.sty
Package: atveryend-ltx 2020/08/19 v1.0a Emulation of the original atvery packag
e
with kernel methods
)
\Fld@listcount=\count280
\c@bookmark@seq@number=\count281

(C:\Users\Kim So\AppData\Local\Programs\MiKTeX\tex/latex/rerunfilecheck\rerunfi
lecheck.sty
Package: rerunfilecheck 2019/12/05 v1.9 Rerun checks for auxiliary files (HO)

(C:\Users\Kim So\AppData\Local\Programs\MiKTeX\tex/generic/uniquecounter\unique
counter.sty
Package: uniquecounter 2019/12/15 v1.4 Provide unlimited unique counter (HO)
)
Package uniquecounter Info: New unique counter `rerunfilecheck' on input line 2
86.
)
\Hy@SectionHShift=\skip52
)
(C:\Users\Kim So\AppData\Local\Programs\MiKTeX\tex/latex/graphics\graphicx.sty
Package: graphicx 2020/12/05 v1.2c Enhanced LaTeX Graphics (DPC,SPQR)

(C:\Users\Kim So\AppData\Local\Programs\MiKTeX\tex/latex/graphics\graphics.sty
Package: graphics 2021/03/04 v1.4d Standard LaTeX Graphics (DPC,SPQR)

(C:\Users\Kim So\AppData\Local\Programs\MiKTeX\tex/latex/graphics\trig.sty
Package: trig 2016/01/03 v1.10 sin cos tan (DPC)
)
(C:\Users\Kim So\AppData\Local\Programs\MiKTeX\tex/latex/graphics-cfg\graphics.
cfg
File: graphics.cfg 2016/06/04 v1.11 sample graphics configuration
)
Package graphics Info: Driver file: pdftex.def on input line 107.

(C:\Users\Kim So\AppData\Local\Programs\MiKTeX\tex/latex/graphics-def\pdftex.de
f
File: pdftex.def 2020/10/05 v1.2a Graphics/color driver for pdftex
))
\Gin@req@height=\dimen161
\Gin@req@width=\dimen162
)
(C:\Users\Kim So\AppData\Local\Programs\MiKTeX\tex/latex/subfiles\subfiles.sty
Package: subfiles 2020/11/14 v2.2 Multi-file projects (package)

(C:\Users\Kim So\AppData\Local\Programs\MiKTeX\tex/latex/import\import.sty
Package: import 2020/04/01  v 6.2
))
(C:\Users\Kim So\AppData\Local\Programs\MiKTeX\tex/latex/setspace\setspace.sty
Package: setspace 2011/12/19 v6.7a set line spacing
) (C:\Users\Kim So\AppData\Local\Programs\MiKTeX\tex/generic/babel\babel.sty
Package: babel 2021/07/22 3.63 The Babel package

(C:\Users\Kim So\AppData\Local\Programs\MiKTeX\tex/generic/babel\babel.def
File: babel.def 2021/07/22 3.63 Babel common definitions
\babel@savecnt=\count282
\U@D=\dimen163
\l@unhyphenated=\language79

(C:\Users\Kim So\AppData\Local\Programs\MiKTeX\tex/generic/babel\txtbabel.def)
\bbl@readstream=\read2
)
\bbl@dirlevel=\count283
*************************************
* Local config file bblopts.cfg used
*
(C:\Users\Kim So\AppData\Local\Programs\MiKTeX\tex/latex/arabi\bblopts.cfg
File: bblopts.cfg 2005/09/08 v0.1 add Arabic and Farsi to "declared" options of
 babel
)
(C:\Users\Kim So\AppData\Local\Programs\MiKTeX\tex/latex/babel-english\english.
ldf
Language: english 2017/06/06 v3.3r English support from the babel system
))
(C:\Users\Kim So\AppData\Local\Programs\MiKTeX\tex/latex/pgfplots\pgfplots.sty
(C:\Users\Kim So\AppData\Local\Programs\MiKTeX\tex/generic/pgfplots\pgfplots.re
vision.tex)
Package: pgfplots 2021/05/15 v1.18.1 Data Visualization (1.18.1)

(C:\Users\Kim So\AppData\Local\Programs\MiKTeX\tex/latex/pgf/frontendlayer\tikz
.sty
(C:\Users\Kim So\AppData\Local\Programs\MiKTeX\tex/latex/pgf/basiclayer\pgf.sty

(C:\Users\Kim So\AppData\Local\Programs\MiKTeX\tex/latex/pgf/utilities\pgfrcs.s
ty
(C:\Users\Kim So\AppData\Local\Programs\MiKTeX\tex/generic/pgf/utilities\pgfuti
l-common.tex
\pgfutil@everybye=\toks26
\pgfutil@tempdima=\dimen164
\pgfutil@tempdimb=\dimen165

(C:\Users\Kim So\AppData\Local\Programs\MiKTeX\tex/generic/pgf/utilities\pgfuti
l-common-lists.tex))
(C:\Users\Kim So\AppData\Local\Programs\MiKTeX\tex/generic/pgf/utilities\pgfuti
l-latex.def
\pgfutil@abb=\box52
)
(C:\Users\Kim So\AppData\Local\Programs\MiKTeX\tex/generic/pgf/utilities\pgfrcs
.code.tex
(C:\Users\Kim So\AppData\Local\Programs\MiKTeX\tex/generic/pgf\pgf.revision.tex
)
Package: pgfrcs 2021/05/15 v3.1.9a (3.1.9a)
))
Package: pgf 2021/05/15 v3.1.9a (3.1.9a)

(C:\Users\Kim So\AppData\Local\Programs\MiKTeX\tex/latex/pgf/basiclayer\pgfcore
.sty
(C:\Users\Kim So\AppData\Local\Programs\MiKTeX\tex/latex/pgf/systemlayer\pgfsys
.sty
(C:\Users\Kim So\AppData\Local\Programs\MiKTeX\tex/generic/pgf/systemlayer\pgfs
ys.code.tex
Package: pgfsys 2021/05/15 v3.1.9a (3.1.9a)

(C:\Users\Kim So\AppData\Local\Programs\MiKTeX\tex/generic/pgf/utilities\pgfkey
s.code.tex
\pgfkeys@pathtoks=\toks27
\pgfkeys@temptoks=\toks28

(C:\Users\Kim So\AppData\Local\Programs\MiKTeX\tex/generic/pgf/utilities\pgfkey
sfiltered.code.tex
\pgfkeys@tmptoks=\toks29
))
\pgf@x=\dimen166
\pgf@y=\dimen167
\pgf@xa=\dimen168
\pgf@ya=\dimen169
\pgf@xb=\dimen170
\pgf@yb=\dimen171
\pgf@xc=\dimen172
\pgf@yc=\dimen173
\pgf@xd=\dimen174
\pgf@yd=\dimen175
\w@pgf@writea=\write3
\r@pgf@reada=\read3
\c@pgf@counta=\count284
\c@pgf@countb=\count285
\c@pgf@countc=\count286
\c@pgf@countd=\count287
\t@pgf@toka=\toks30
\t@pgf@tokb=\toks31
\t@pgf@tokc=\toks32
\pgf@sys@id@count=\count288

(C:\Users\Kim So\AppData\Local\Programs\MiKTeX\tex/generic/pgf/systemlayer\pgf.
cfg
File: pgf.cfg 2021/05/15 v3.1.9a (3.1.9a)
)
Driver file for pgf: pgfsys-pdftex.def

(C:\Users\Kim So\AppData\Local\Programs\MiKTeX\tex/generic/pgf/systemlayer\pgfs
ys-pdftex.def
File: pgfsys-pdftex.def 2021/05/15 v3.1.9a (3.1.9a)

(C:\Users\Kim So\AppData\Local\Programs\MiKTeX\tex/generic/pgf/systemlayer\pgfs
ys-common-pdf.def
File: pgfsys-common-pdf.def 2021/05/15 v3.1.9a (3.1.9a)
)))
(C:\Users\Kim So\AppData\Local\Programs\MiKTeX\tex/generic/pgf/systemlayer\pgfs
yssoftpath.code.tex
File: pgfsyssoftpath.code.tex 2021/05/15 v3.1.9a (3.1.9a)
\pgfsyssoftpath@smallbuffer@items=\count289
\pgfsyssoftpath@bigbuffer@items=\count290
)
(C:\Users\Kim So\AppData\Local\Programs\MiKTeX\tex/generic/pgf/systemlayer\pgfs
ysprotocol.code.tex
File: pgfsysprotocol.code.tex 2021/05/15 v3.1.9a (3.1.9a)
))
(C:\Users\Kim So\AppData\Local\Programs\MiKTeX\tex/latex/xcolor\xcolor.sty
Package: xcolor 2016/05/11 v2.12 LaTeX color extensions (UK)

(C:\Users\Kim So\AppData\Local\Programs\MiKTeX\tex/latex/graphics-cfg\color.cfg
File: color.cfg 2016/01/02 v1.6 sample color configuration
)
Package xcolor Info: Driver file: pdftex.def on input line 225.
Package xcolor Info: Model `cmy' substituted by `cmy0' on input line 1348.
Package xcolor Info: Model `hsb' substituted by `rgb' on input line 1352.
Package xcolor Info: Model `RGB' extended on input line 1364.
Package xcolor Info: Model `HTML' substituted by `rgb' on input line 1366.
Package xcolor Info: Model `Hsb' substituted by `hsb' on input line 1367.
Package xcolor Info: Model `tHsb' substituted by `hsb' on input line 1368.
Package xcolor Info: Model `HSB' substituted by `hsb' on input line 1369.
Package xcolor Info: Model `Gray' substituted by `gray' on input line 1370.
Package xcolor Info: Model `wave' substituted by `hsb' on input line 1371.
)
(C:\Users\Kim So\AppData\Local\Programs\MiKTeX\tex/generic/pgf/basiclayer\pgfco
re.code.tex
Package: pgfcore 2021/05/15 v3.1.9a (3.1.9a)

(C:\Users\Kim So\AppData\Local\Programs\MiKTeX\tex/generic/pgf/math\pgfmath.cod
e.tex
(C:\Users\Kim So\AppData\Local\Programs\MiKTeX\tex/generic/pgf/math\pgfmathcalc
.code.tex
(C:\Users\Kim So\AppData\Local\Programs\MiKTeX\tex/generic/pgf/math\pgfmathutil
.code.tex)
(C:\Users\Kim So\AppData\Local\Programs\MiKTeX\tex/generic/pgf/math\pgfmathpars
er.code.tex
\pgfmath@dimen=\dimen176
\pgfmath@count=\count291
\pgfmath@box=\box53
\pgfmath@toks=\toks33
\pgfmath@stack@operand=\toks34
\pgfmath@stack@operation=\toks35
)
(C:\Users\Kim So\AppData\Local\Programs\MiKTeX\tex/generic/pgf/math\pgfmathfunc
tions.code.tex
(C:\Users\Kim So\AppData\Local\Programs\MiKTeX\tex/generic/pgf/math\pgfmathfunc
tions.basic.code.tex)
(C:\Users\Kim So\AppData\Local\Programs\MiKTeX\tex/generic/pgf/math\pgfmathfunc
tions.trigonometric.code.tex)
(C:\Users\Kim So\AppData\Local\Programs\MiKTeX\tex/generic/pgf/math\pgfmathfunc
tions.random.code.tex)
(C:\Users\Kim So\AppData\Local\Programs\MiKTeX\tex/generic/pgf/math\pgfmathfunc
tions.comparison.code.tex)
(C:\Users\Kim So\AppData\Local\Programs\MiKTeX\tex/generic/pgf/math\pgfmathfunc
tions.base.code.tex)
(C:\Users\Kim So\AppData\Local\Programs\MiKTeX\tex/generic/pgf/math\pgfmathfunc
tions.round.code.tex)
(C:\Users\Kim So\AppData\Local\Programs\MiKTeX\tex/generic/pgf/math\pgfmathfunc
tions.misc.code.tex)
(C:\Users\Kim So\AppData\Local\Programs\MiKTeX\tex/generic/pgf/math\pgfmathfunc
tions.integerarithmetics.code.tex)))
(C:\Users\Kim So\AppData\Local\Programs\MiKTeX\tex/generic/pgf/math\pgfmathfloa
t.code.tex
\c@pgfmathroundto@lastzeros=\count292
))
(C:\Users\Kim So\AppData\Local\Programs\MiKTeX\tex/generic/pgf/math\pgfint.code
.tex)
(C:\Users\Kim So\AppData\Local\Programs\MiKTeX\tex/generic/pgf/basiclayer\pgfco
repoints.code.tex
File: pgfcorepoints.code.tex 2021/05/15 v3.1.9a (3.1.9a)
\pgf@picminx=\dimen177
\pgf@picmaxx=\dimen178
\pgf@picminy=\dimen179
\pgf@picmaxy=\dimen180
\pgf@pathminx=\dimen181
\pgf@pathmaxx=\dimen182
\pgf@pathminy=\dimen183
\pgf@pathmaxy=\dimen184
\pgf@xx=\dimen185
\pgf@xy=\dimen186
\pgf@yx=\dimen187
\pgf@yy=\dimen188
\pgf@zx=\dimen189
\pgf@zy=\dimen190
)
(C:\Users\Kim So\AppData\Local\Programs\MiKTeX\tex/generic/pgf/basiclayer\pgfco
repathconstruct.code.tex
File: pgfcorepathconstruct.code.tex 2021/05/15 v3.1.9a (3.1.9a)
\pgf@path@lastx=\dimen191
\pgf@path@lasty=\dimen192
)
(C:\Users\Kim So\AppData\Local\Programs\MiKTeX\tex/generic/pgf/basiclayer\pgfco
repathusage.code.tex
File: pgfcorepathusage.code.tex 2021/05/15 v3.1.9a (3.1.9a)
\pgf@shorten@end@additional=\dimen193
\pgf@shorten@start@additional=\dimen194
)
(C:\Users\Kim So\AppData\Local\Programs\MiKTeX\tex/generic/pgf/basiclayer\pgfco
rescopes.code.tex
File: pgfcorescopes.code.tex 2021/05/15 v3.1.9a (3.1.9a)
\pgfpic=\box54
\pgf@hbox=\box55
\pgf@layerbox@main=\box56
\pgf@picture@serial@count=\count293
)
(C:\Users\Kim So\AppData\Local\Programs\MiKTeX\tex/generic/pgf/basiclayer\pgfco
regraphicstate.code.tex
File: pgfcoregraphicstate.code.tex 2021/05/15 v3.1.9a (3.1.9a)
\pgflinewidth=\dimen195
)
(C:\Users\Kim So\AppData\Local\Programs\MiKTeX\tex/generic/pgf/basiclayer\pgfco
retransformations.code.tex
File: pgfcoretransformations.code.tex 2021/05/15 v3.1.9a (3.1.9a)
\pgf@pt@x=\dimen196
\pgf@pt@y=\dimen197
\pgf@pt@temp=\dimen198
)
(C:\Users\Kim So\AppData\Local\Programs\MiKTeX\tex/generic/pgf/basiclayer\pgfco
requick.code.tex
File: pgfcorequick.code.tex 2021/05/15 v3.1.9a (3.1.9a)
)
(C:\Users\Kim So\AppData\Local\Programs\MiKTeX\tex/generic/pgf/basiclayer\pgfco
reobjects.code.tex
File: pgfcoreobjects.code.tex 2021/05/15 v3.1.9a (3.1.9a)
)
(C:\Users\Kim So\AppData\Local\Programs\MiKTeX\tex/generic/pgf/basiclayer\pgfco
repathprocessing.code.tex
File: pgfcorepathprocessing.code.tex 2021/05/15 v3.1.9a (3.1.9a)
)
(C:\Users\Kim So\AppData\Local\Programs\MiKTeX\tex/generic/pgf/basiclayer\pgfco
rearrows.code.tex
File: pgfcorearrows.code.tex 2021/05/15 v3.1.9a (3.1.9a)
\pgfarrowsep=\dimen199
)
(C:\Users\Kim So\AppData\Local\Programs\MiKTeX\tex/generic/pgf/basiclayer\pgfco
reshade.code.tex
File: pgfcoreshade.code.tex 2021/05/15 v3.1.9a (3.1.9a)
\pgf@max=\dimen256
\pgf@sys@shading@range@num=\count294
\pgf@shadingcount=\count295
)
(C:\Users\Kim So\AppData\Local\Programs\MiKTeX\tex/generic/pgf/basiclayer\pgfco
reimage.code.tex
File: pgfcoreimage.code.tex 2021/05/15 v3.1.9a (3.1.9a)

(C:\Users\Kim So\AppData\Local\Programs\MiKTeX\tex/generic/pgf/basiclayer\pgfco
reexternal.code.tex
File: pgfcoreexternal.code.tex 2021/05/15 v3.1.9a (3.1.9a)
\pgfexternal@startupbox=\box57
))
(C:\Users\Kim So\AppData\Local\Programs\MiKTeX\tex/generic/pgf/basiclayer\pgfco
relayers.code.tex
File: pgfcorelayers.code.tex 2021/05/15 v3.1.9a (3.1.9a)
)
(C:\Users\Kim So\AppData\Local\Programs\MiKTeX\tex/generic/pgf/basiclayer\pgfco
retransparency.code.tex
File: pgfcoretransparency.code.tex 2021/05/15 v3.1.9a (3.1.9a)
)
(C:\Users\Kim So\AppData\Local\Programs\MiKTeX\tex/generic/pgf/basiclayer\pgfco
repatterns.code.tex
File: pgfcorepatterns.code.tex 2021/05/15 v3.1.9a (3.1.9a)
)
(C:\Users\Kim So\AppData\Local\Programs\MiKTeX\tex/generic/pgf/basiclayer\pgfco
rerdf.code.tex
File: pgfcorerdf.code.tex 2021/05/15 v3.1.9a (3.1.9a)
)))
(C:\Users\Kim So\AppData\Local\Programs\MiKTeX\tex/generic/pgf/modules\pgfmodul
eshapes.code.tex
File: pgfmoduleshapes.code.tex 2021/05/15 v3.1.9a (3.1.9a)
\pgfnodeparttextbox=\box58
)
(C:\Users\Kim So\AppData\Local\Programs\MiKTeX\tex/generic/pgf/modules\pgfmodul
eplot.code.tex
File: pgfmoduleplot.code.tex 2021/05/15 v3.1.9a (3.1.9a)
)
(C:\Users\Kim So\AppData\Local\Programs\MiKTeX\tex/latex/pgf/compatibility\pgfc
omp-version-0-65.sty
Package: pgfcomp-version-0-65 2021/05/15 v3.1.9a (3.1.9a)
\pgf@nodesepstart=\dimen257
\pgf@nodesepend=\dimen258
)
(C:\Users\Kim So\AppData\Local\Programs\MiKTeX\tex/latex/pgf/compatibility\pgfc
omp-version-1-18.sty
Package: pgfcomp-version-1-18 2021/05/15 v3.1.9a (3.1.9a)
))
(C:\Users\Kim So\AppData\Local\Programs\MiKTeX\tex/latex/pgf/utilities\pgffor.s
ty
(C:\Users\Kim So\AppData\Local\Programs\MiKTeX\tex/latex/pgf/utilities\pgfkeys.
sty
(C:\Users\Kim So\AppData\Local\Programs\MiKTeX\tex/generic/pgf/utilities\pgfkey
s.code.tex))
(C:\Users\Kim So\AppData\Local\Programs\MiKTeX\tex/latex/pgf/math\pgfmath.sty
(C:\Users\Kim So\AppData\Local\Programs\MiKTeX\tex/generic/pgf/math\pgfmath.cod
e.tex))
(C:\Users\Kim So\AppData\Local\Programs\MiKTeX\tex/generic/pgf/utilities\pgffor
.code.tex
Package: pgffor 2021/05/15 v3.1.9a (3.1.9a)

(C:\Users\Kim So\AppData\Local\Programs\MiKTeX\tex/generic/pgf/math\pgfmath.cod
e.tex)
\pgffor@iter=\dimen259
\pgffor@skip=\dimen260
\pgffor@stack=\toks36
\pgffor@toks=\toks37
))
(C:\Users\Kim So\AppData\Local\Programs\MiKTeX\tex/generic/pgf/frontendlayer/ti
kz\tikz.code.tex
Package: tikz 2021/05/15 v3.1.9a (3.1.9a)

(C:\Users\Kim So\AppData\Local\Programs\MiKTeX\tex/generic/pgf/libraries\pgflib
raryplothandlers.code.tex
File: pgflibraryplothandlers.code.tex 2021/05/15 v3.1.9a (3.1.9a)
\pgf@plot@mark@count=\count296
\pgfplotmarksize=\dimen261
)
\tikz@lastx=\dimen262
\tikz@lasty=\dimen263
\tikz@lastxsaved=\dimen264
\tikz@lastysaved=\dimen265
\tikz@lastmovetox=\dimen266
\tikz@lastmovetoy=\dimen267
\tikzleveldistance=\dimen268
\tikzsiblingdistance=\dimen269
\tikz@figbox=\box59
\tikz@figbox@bg=\box60
\tikz@tempbox=\box61
\tikz@tempbox@bg=\box62
\tikztreelevel=\count297
\tikznumberofchildren=\count298
\tikznumberofcurrentchild=\count299
\tikz@fig@count=\count300

(C:\Users\Kim So\AppData\Local\Programs\MiKTeX\tex/generic/pgf/modules\pgfmodul
ematrix.code.tex
File: pgfmodulematrix.code.tex 2021/05/15 v3.1.9a (3.1.9a)
\pgfmatrixcurrentrow=\count301
\pgfmatrixcurrentcolumn=\count302
\pgf@matrix@numberofcolumns=\count303
)
\tikz@expandcount=\count304

(C:\Users\Kim So\AppData\Local\Programs\MiKTeX\tex/generic/pgf/frontendlayer/ti
kz/libraries\tikzlibrarytopaths.code.tex
File: tikzlibrarytopaths.code.tex 2021/05/15 v3.1.9a (3.1.9a)
)))
(C:\Users\Kim So\AppData\Local\Programs\MiKTeX\tex/generic/pgfplots\pgfplots.co
de.tex
(C:\Users\Kim So\AppData\Local\Programs\MiKTeX\tex/generic/pgfplots\pgfplotscor
e.code.tex
\t@pgfplots@toka=\toks38
\t@pgfplots@tokb=\toks39
\t@pgfplots@tokc=\toks40
\pgfplots@tmpa=\dimen270
\c@pgfplots@coordindex=\count305
\c@pgfplots@scanlineindex=\count306

(C:\Users\Kim So\AppData\Local\Programs\MiKTeX\tex/generic/pgfplots/sys\pgfplot
ssysgeneric.code.tex))
(C:\Users\Kim So\AppData\Local\Programs\MiKTeX\tex/generic/pgfplots/libs\pgfplo
tslibrary.code.tex)
(C:\Users\Kim So\AppData\Local\Programs\MiKTeX\tex/generic/pgfplots/oldpgfcompa
tib\pgfplotsoldpgfsupp_loader.code.tex
(C:\Users\Kim So\AppData\Local\Programs\MiKTeX\tex/generic/pgf/libraries\pgflib
raryfpu.code.tex))
(C:\Users\Kim So\AppData\Local\Programs\MiKTeX\tex/generic/pgfplots/util\pgfplo
tsutil.code.tex
(C:\Users\Kim So\AppData\Local\Programs\MiKTeX\tex/generic/pgfplots/liststructu
re\pgfplotsliststructure.code.tex)
(C:\Users\Kim So\AppData\Local\Programs\MiKTeX\tex/generic/pgfplots/liststructu
re\pgfplotsliststructureext.code.tex)
(C:\Users\Kim So\AppData\Local\Programs\MiKTeX\tex/generic/pgfplots/liststructu
re\pgfplotsarray.code.tex
\c@pgfplotsarray@tmp=\count307
)
(C:\Users\Kim So\AppData\Local\Programs\MiKTeX\tex/generic/pgfplots/liststructu
re\pgfplotsmatrix.code.tex)
(C:\Users\Kim So\AppData\Local\Programs\MiKTeX\tex/generic/pgfplots/numtable\pg
fplotstableshared.code.tex
\c@pgfplotstable@counta=\count308
\t@pgfplotstable@a=\toks41
)
(C:\Users\Kim So\AppData\Local\Programs\MiKTeX\tex/generic/pgfplots/liststructu
re\pgfplotsdeque.code.tex)
(C:\Users\Kim So\AppData\Local\Programs\MiKTeX\tex/generic/pgfplots/util\pgfplo
tsbinary.code.tex
(C:\Users\Kim So\AppData\Local\Programs\MiKTeX\tex/generic/pgfplots/util\pgfplo
tsbinary.data.code.tex))
(C:\Users\Kim So\AppData\Local\Programs\MiKTeX\tex/generic/pgfplots/util\pgfplo
tsutil.verb.code.tex)
(C:\Users\Kim So\AppData\Local\Programs\MiKTeX\tex/generic/pgfplots/libs\pgflib
rarypgfplots.surfshading.code.tex
\c@pgfplotslibrarysurf@no=\count309

(C:\Users\Kim So\AppData\Local\Programs\MiKTeX\tex/generic/pgfplots/sys\pgflibr
arypgfplots.surfshading.pgfsys-pdftex.def)))
(C:\Users\Kim So\AppData\Local\Programs\MiKTeX\tex/generic/pgfplots/util\pgfplo
tscolormap.code.tex
(C:\Users\Kim So\AppData\Local\Programs\MiKTeX\tex/generic/pgfplots/util\pgfplo
tscolor.code.tex))
(C:\Users\Kim So\AppData\Local\Programs\MiKTeX\tex/generic/pgfplots\pgfplotssta
ckedplots.code.tex)
(C:\Users\Kim So\AppData\Local\Programs\MiKTeX\tex/generic/pgfplots\pgfplotsplo
thandlers.code.tex
(C:\Users\Kim So\AppData\Local\Programs\MiKTeX\tex/generic/pgfplots\pgfplotsmes
hplothandler.code.tex
(C:\Users\Kim So\AppData\Local\Programs\MiKTeX\tex/generic/pgfplots\pgfplotsmes
hplotimage.code.tex)))
(C:\Users\Kim So\AppData\Local\Programs\MiKTeX\tex/generic/pgfplots\pgfplots.sc
aling.code.tex)
(C:\Users\Kim So\AppData\Local\Programs\MiKTeX\tex/generic/pgfplots\pgfplotscoo
rdprocessing.code.tex)
(C:\Users\Kim So\AppData\Local\Programs\MiKTeX\tex/generic/pgfplots\pgfplots.er
rorbars.code.tex)
(C:\Users\Kim So\AppData\Local\Programs\MiKTeX\tex/generic/pgfplots\pgfplots.ma
rkers.code.tex)
(C:\Users\Kim So\AppData\Local\Programs\MiKTeX\tex/generic/pgfplots\pgfplotstic
ks.code.tex)
(C:\Users\Kim So\AppData\Local\Programs\MiKTeX\tex/generic/pgfplots\pgfplots.pa
ths.code.tex)
(C:\Users\Kim So\AppData\Local\Programs\MiKTeX\tex/generic/pgf/frontendlayer/ti
kz/libraries\tikzlibrarydecorations.code.tex
(C:\Users\Kim So\AppData\Local\Programs\MiKTeX\tex/generic/pgf/modules\pgfmodul
edecorations.code.tex
\pgfdecoratedcompleteddistance=\dimen271
\pgfdecoratedremainingdistance=\dimen272
\pgfdecoratedinputsegmentcompleteddistance=\dimen273
\pgfdecoratedinputsegmentremainingdistance=\dimen274
\pgf@decorate@distancetomove=\dimen275
\pgf@decorate@repeatstate=\count310
\pgfdecorationsegmentamplitude=\dimen276
\pgfdecorationsegmentlength=\dimen277
)
\tikz@lib@dec@box=\box63
)
(C:\Users\Kim So\AppData\Local\Programs\MiKTeX\tex/generic/pgf/frontendlayer/ti
kz/libraries\tikzlibrarydecorations.pathmorphing.code.tex
(C:\Users\Kim So\AppData\Local\Programs\MiKTeX\tex/generic/pgf/libraries/decora
tions\pgflibrarydecorations.pathmorphing.code.tex))
(C:\Users\Kim So\AppData\Local\Programs\MiKTeX\tex/generic/pgf/frontendlayer/ti
kz/libraries\tikzlibrarydecorations.pathreplacing.code.tex
(C:\Users\Kim So\AppData\Local\Programs\MiKTeX\tex/generic/pgf/libraries/decora
tions\pgflibrarydecorations.pathreplacing.code.tex))
(C:\Users\Kim So\AppData\Local\Programs\MiKTeX\tex/generic/pgfplots/libs\tikzli
brarypgfplots.contourlua.code.tex)
\pgfplots@numplots=\count311
\pgfplots@xmin@reg=\dimen278
\pgfplots@xmax@reg=\dimen279
\pgfplots@ymin@reg=\dimen280
\pgfplots@ymax@reg=\dimen281
\pgfplots@zmin@reg=\dimen282
\pgfplots@zmax@reg=\dimen283
)
(C:\Users\Kim So\AppData\Local\Programs\MiKTeX\tex/generic/pgf/frontendlayer/ti
kz/libraries\tikzlibraryplotmarks.code.tex
File: tikzlibraryplotmarks.code.tex 2021/05/15 v3.1.9a (3.1.9a)

(C:\Users\Kim So\AppData\Local\Programs\MiKTeX\tex/generic/pgf/libraries\pgflib
raryplotmarks.code.tex
File: pgflibraryplotmarks.code.tex 2021/05/15 v3.1.9a (3.1.9a)
)))
(C:\Users\Kim So\AppData\Local\Programs\MiKTeX\tex/latex/jknappen\mathrsfs.sty
Package: mathrsfs 1996/01/01 Math RSFS package v1.0 (jk)
\symrsfs=\mathgroup6
)
(C:\Users\Kim So\AppData\Local\Programs\MiKTeX\tex/generic/pgf/frontendlayer/ti
kz/libraries\tikzlibraryarrows.code.tex
File: tikzlibraryarrows.code.tex 2021/05/15 v3.1.9a (3.1.9a)

(C:\Users\Kim So\AppData\Local\Programs\MiKTeX\tex/generic/pgf/libraries\pgflib
raryarrows.code.tex
File: pgflibraryarrows.code.tex 2021/05/15 v3.1.9a (3.1.9a)
\arrowsize=\dimen284
))
(C:\Users\Kim So\AppData\Local\Programs\MiKTeX\tex/latex/l3backend\l3backend-pd
ftex.def
File: l3backend-pdftex.def 2021-08-04 L3 backend support: PDF output (pdfTeX)
\l__color_backend_stack_int=\count312
\l__pdf_internal_box=\box64
) (Report.aux)
\openout1 = `Report.aux'.

LaTeX Font Info:    Checking defaults for OML/cmm/m/it on input line 22.
LaTeX Font Info:    ... okay on input line 22.
LaTeX Font Info:    Checking defaults for OMS/cmsy/m/n on input line 22.
LaTeX Font Info:    ... okay on input line 22.
LaTeX Font Info:    Checking defaults for OT1/cmr/m/n on input line 22.
LaTeX Font Info:    ... okay on input line 22.
LaTeX Font Info:    Checking defaults for T1/cmr/m/n on input line 22.
LaTeX Font Info:    ... okay on input line 22.
LaTeX Font Info:    Checking defaults for TS1/cmr/m/n on input line 22.
LaTeX Font Info:    ... okay on input line 22.
LaTeX Font Info:    Checking defaults for OMX/cmex/m/n on input line 22.
LaTeX Font Info:    ... okay on input line 22.
LaTeX Font Info:    Checking defaults for U/cmr/m/n on input line 22.
LaTeX Font Info:    ... okay on input line 22.
LaTeX Font Info:    Checking defaults for T5/cmr/m/n on input line 22.
LaTeX Font Info:    ... okay on input line 22.
LaTeX Font Info:    Checking defaults for PD1/pdf/m/n on input line 22.
LaTeX Font Info:    ... okay on input line 22.
LaTeX Font Info:    Checking defaults for PU/pdf/m/n on input line 22.
LaTeX Font Info:    ... okay on input line 22.

*geometry* driver: auto-detecting
*geometry* detected driver: pdftex
*geometry* verbose mode - [ preamble ] result:
* driver: pdftex
* paper: a4paper
* layout: <same size as paper>
* layoutoffset:(h,v)=(0.0pt,0.0pt)
* modes: twoside 
* h-part:(L,W,R)=(71.13188pt, 469.47049pt, 56.9055pt)
* v-part:(T,H,B)=(56.9055pt, 731.23584pt, 56.9055pt)
* \paperwidth=597.50787pt
* \paperheight=845.04684pt
* \textwidth=469.47049pt
* \textheight=731.23584pt
* \oddsidemargin=-1.1381pt
* \evensidemargin=-15.36449pt
* \topmargin=-52.36449pt
* \headheight=12.0pt
* \headsep=25.0pt
* \topskip=12.0pt
* \footskip=30.0pt
* \marginparwidth=85.0pt
* \marginparsep=10.0pt
* \columnsep=10.0pt
* \skip\footins=10.8pt plus 4.0pt minus 2.0pt
* \hoffset=0.0pt
* \voffset=0.0pt
* \mag=1000
* \@twocolumnfalse
* \@twosidetrue
* \@mparswitchtrue
* \@reversemarginfalse
* (1in=72.27pt=25.4mm, 1cm=28.453pt)

Package hyperref Info: Link coloring OFF on input line 22.
(C:\Users\Kim So\AppData\Local\Programs\MiKTeX\tex/latex/hyperref\nameref.sty
Package: nameref 2021-04-02 v2.47 Cross-referencing by name of section

(C:\Users\Kim So\AppData\Local\Programs\MiKTeX\tex/latex/refcount\refcount.sty
Package: refcount 2019/12/15 v3.6 Data extraction from label references (HO)
)
(C:\Users\Kim So\AppData\Local\Programs\MiKTeX\tex/generic/gettitlestring\getti
tlestring.sty
Package: gettitlestring 2019/12/15 v1.6 Cleanup title references (HO)
)
\c@section@level=\count313
)
LaTeX Info: Redefining \ref on input line 22.
LaTeX Info: Redefining \pageref on input line 22.
LaTeX Info: Redefining \nameref on input line 22.
 (Report.out) (Report.out)
\@outlinefile=\write4
\openout4 = `Report.out'.


(C:\Users\Kim So\AppData\Local\Programs\MiKTeX\tex/context/base/mkii\supp-pdf.m
kii
[Loading MPS to PDF converter (version 2006.09.02).]
\scratchcounter=\count314
\scratchdimen=\dimen285
\scratchbox=\box65
\nofMPsegments=\count315
\nofMParguments=\count316
\everyMPshowfont=\toks42
\MPscratchCnt=\count317
\MPscratchDim=\dimen286
\MPnumerator=\count318
\makeMPintoPDFobject=\count319
\everyMPtoPDFconversion=\toks43
)
(C:\Users\Kim So\AppData\Local\Programs\MiKTeX\tex/latex/epstopdf-pkg\epstopdf-
base.sty
Package: epstopdf-base 2020-01-24 v2.11 Base part for package epstopdf
Package epstopdf-base Info: Redefining graphics rule for `.eps' on input line 4
85.

(C:\Users\Kim So\AppData\Local\Programs\MiKTeX\tex/latex/00miktex\epstopdf-sys.
cfg
File: epstopdf-sys.cfg 2021/03/18 v2.0 Configuration of epstopdf for MiKTeX
))
Package pgfplots notification 'compat/show suggested version=true': you might b
enefit from \pgfplotsset{compat=1.18} (current compat level: 1.15).

(E:/Latex/ExtraWork/ComputerArchitechture/intro/intro.tex
<E:/Latex/ExtraWork/ComputerArchitechture/intro//Figure/LogoBK.png, id=106, 227
.6505pt x 206.955pt>
File: E:/Latex/ExtraWork/ComputerArchitechture/intro//Figure/LogoBK.png Graphic
 file (type png)
<use E:/Latex/ExtraWork/ComputerArchitechture/intro//Figure/LogoBK.png>
Package pdftex.def Info: E:/Latex/ExtraWork/ComputerArchitechture/intro//Figure
/LogoBK.png  used on input line 13.
(pdftex.def)             Requested size: 159.35425pt x 144.86751pt.
LaTeX Font Info:    Trying to load font information for U+msa on input line 30.


(C:\Users\Kim So\AppData\Local\Programs\MiKTeX\tex/latex/amsfonts\umsa.fd
File: umsa.fd 2013/01/14 v3.01 AMS symbols A
)
LaTeX Font Info:    Trying to load font information for U+msb on input line 30.


(C:\Users\Kim So\AppData\Local\Programs\MiKTeX\tex/latex/amsfonts\umsb.fd
File: umsb.fd 2013/01/14 v3.01 AMS symbols B
)
LaTeX Font Info:    Trying to load font information for U+rsfs on input line 30
.

(C:\Users\Kim So\AppData\Local\Programs\MiKTeX\tex/latex/jknappen\ursfs.fd
File: ursfs.fd 1998/03/24 rsfs font definition file (jk)
)
[1

{C:/Users/Kim So/AppData/Local/MiKTeX/pdftex/config/pdftex.map} <E:/Latex/Extra
Work/ComputerArchitechture/intro//Figure/LogoBK.png>]) (Report.toc)
\tf@toc=\write5
\openout5 = `Report.toc'.


(E:/Latex/ExtraWork/ComputerArchitechture/Chapter1/Chapter1.texpdfTeX warning (
ext4): destination with the same identifier (name{page.1}) has been already use
d, duplicate ignored
<to be read again> 
                   \relax 
l.19 		\chapter
               {C∆° s·ªü l√Ω thuy·∫øt v·ªÅ CPU RICSV 32} [1

]
Chapter 1.
<E:/Latex/ExtraWork/ComputerArchitechture/Chapter1//Figure/Fig2.png, id=147, 25
6.70906pt x 249.93375pt>
File: E:/Latex/ExtraWork/ComputerArchitechture/Chapter1//Figure/Fig2.png Graphi
c file (type png)
<use E:/Latex/ExtraWork/ComputerArchitechture/Chapter1//Figure/Fig2.png>
Package pdftex.def Info: E:/Latex/ExtraWork/ComputerArchitechture/Chapter1//Fig
ure/Fig2.png  used on input line 60.
(pdftex.def)             Requested size: 179.6951pt x 174.95242pt.

LaTeX Warning: `!h' float specifier changed to `!ht'.

[2

]
<E:/Latex/ExtraWork/ComputerArchitechture/Chapter1//Figure/Fig3.png, id=155, 54
7.2947pt x 167.87718pt>
File: E:/Latex/ExtraWork/ComputerArchitechture/Chapter1//Figure/Fig3.png Graphi
c file (type png)
<use E:/Latex/ExtraWork/ComputerArchitechture/Chapter1//Figure/Fig3.png>
Package pdftex.def Info: E:/Latex/ExtraWork/ComputerArchitechture/Chapter1//Fig
ure/Fig3.png  used on input line 69.
(pdftex.def)             Requested size: 492.56067pt x 151.08806pt.

Overfull \hbox (23.09018pt too wide) in paragraph at lines 69--71
 [][] 
 []

<E:/Latex/ExtraWork/ComputerArchitechture/Chapter1//Figure/Fig4.png, id=156, 57
9.66562pt x 246.9225pt>
File: E:/Latex/ExtraWork/ComputerArchitechture/Chapter1//Figure/Fig4.png Graphi
c file (type png)
<use E:/Latex/ExtraWork/ComputerArchitechture/Chapter1//Figure/Fig4.png>
Package pdftex.def Info: E:/Latex/ExtraWork/ComputerArchitechture/Chapter1//Fig
ure/Fig4.png  used on input line 80.
(pdftex.def)             Requested size: 521.69423pt x 222.22818pt.

Overfull \hbox (52.22374pt too wide) in paragraph at lines 80--82
 [][] 
 []


LaTeX Warning: `!h' float specifier changed to `!ht'.

[3 <E:/Latex/ExtraWork/ComputerArchitechture/Chapter1//Figure/Fig2.png> <E:/Lat
ex/ExtraWork/ComputerArchitechture/Chapter1//Figure/Fig3.png>]
<E:/Latex/ExtraWork/ComputerArchitechture/Chapter1//Figure/Fig5.png, id=161, 55
6.32843pt x 145.29282pt>
File: E:/Latex/ExtraWork/ComputerArchitechture/Chapter1//Figure/Fig5.png Graphi
c file (type png)
<use E:/Latex/ExtraWork/ComputerArchitechture/Chapter1//Figure/Fig5.png>
Package pdftex.def Info: E:/Latex/ExtraWork/ComputerArchitechture/Chapter1//Fig
ure/Fig5.png  used on input line 91.
(pdftex.def)             Requested size: 500.69096pt x 130.76231pt.

Overfull \hbox (31.22047pt too wide) in paragraph at lines 91--93
 [][] 
 []

<E:/Latex/ExtraWork/ComputerArchitechture/Chapter1//Figure/Fig6.png, id=162, 54
4.28343pt x 91.84312pt>
File: E:/Latex/ExtraWork/ComputerArchitechture/Chapter1//Figure/Fig6.png Graphi
c file (type png)
<use E:/Latex/ExtraWork/ComputerArchitechture/Chapter1//Figure/Fig6.png>
Package pdftex.def Info: E:/Latex/ExtraWork/ComputerArchitechture/Chapter1//Fig
ure/Fig6.png  used on input line 100.
(pdftex.def)             Requested size: 489.85057pt x 82.65802pt.

Overfull \hbox (20.38008pt too wide) in paragraph at lines 100--102
 [][] 
 []


Overfull \hbox (7.73663pt too wide) in paragraph at lines 105--106
\T5/cmr/m/n/12 lßy gi° tr‡ l˜u trong thanh ghi \T5/cmr/bx/n/12 rs2 \T5/cmr/m/n/
12 l˜u v†o DMEM t§i ‡a chø \T5/cmr/bx/n/12 rs1 + ext(imm[11:5]imm[4:0])\T5/cmr
/m/n/12 . 
 []

<E:/Latex/ExtraWork/ComputerArchitechture/Chapter1//Figure/Fig7.png, id=163, 77
9.91376pt x 171.64125pt>
File: E:/Latex/ExtraWork/ComputerArchitechture/Chapter1//Figure/Fig7.png Graphi
c file (type png)
<use E:/Latex/ExtraWork/ComputerArchitechture/Chapter1//Figure/Fig7.png>
Package pdftex.def Info: E:/Latex/ExtraWork/ComputerArchitechture/Chapter1//Fig
ure/Fig7.png  used on input line 109.
(pdftex.def)             Requested size: 545.93591pt x 120.14804pt.

Overfull \hbox (76.46542pt too wide) in paragraph at lines 109--111
 [][] 
 []

[4 <E:/Latex/ExtraWork/ComputerArchitechture/Chapter1//Figure/Fig4.png> <E:/Lat
ex/ExtraWork/ComputerArchitechture/Chapter1//Figure/Fig5.png> <E:/Latex/ExtraWo
rk/ComputerArchitechture/Chapter1//Figure/Fig6.png>]
<E:/Latex/ExtraWork/ComputerArchitechture/Chapter1//Figure/Fig8.png, id=168, 64
3.6547pt x 233.37187pt>
File: E:/Latex/ExtraWork/ComputerArchitechture/Chapter1//Figure/Fig8.png Graphi
c file (type png)
<use E:/Latex/ExtraWork/ComputerArchitechture/Chapter1//Figure/Fig8.png>
Package pdftex.def Info: E:/Latex/ExtraWork/ComputerArchitechture/Chapter1//Fig
ure/Fig8.png  used on input line 120.
(pdftex.def)             Requested size: 450.5552pt x 163.35919pt.
<E:/Latex/ExtraWork/ComputerArchitechture/Chapter1//Figure/Fig9.png, id=169, 58
7.94656pt x 101.62968pt>
File: E:/Latex/ExtraWork/ComputerArchitechture/Chapter1//Figure/Fig9.png Graphi
c file (type png)
<use E:/Latex/ExtraWork/ComputerArchitechture/Chapter1//Figure/Fig9.png>
Package pdftex.def Info: E:/Latex/ExtraWork/ComputerArchitechture/Chapter1//Fig
ure/Fig9.png  used on input line 127.
(pdftex.def)             Requested size: 411.55978pt x 71.14027pt.
<E:/Latex/ExtraWork/ComputerArchitechture/Chapter1//Figure/Fig10.png, id=170, 5
82.67688pt x 177.66376pt>
File: E:/Latex/ExtraWork/ComputerArchitechture/Chapter1//Figure/Fig10.png Graph
ic file (type png)
<use E:/Latex/ExtraWork/ComputerArchitechture/Chapter1//Figure/Fig10.png>
Package pdftex.def Info: E:/Latex/ExtraWork/ComputerArchitechture/Chapter1//Fig
ure/Fig10.png  used on input line 144.
(pdftex.def)             Requested size: 407.87103pt x 124.36377pt.
 [5 <E:/Latex/ExtraWork/ComputerArchitechture/Chapter1//Figure/Fig7.png> <E:/La
tex/ExtraWork/ComputerArchitechture/Chapter1//Figure/Fig8.png> <E:/Latex/ExtraW
ork/ComputerArchitechture/Chapter1//Figure/Fig9.png>])
(E:/Latex/ExtraWork/ComputerArchitechture/Chapter2/Chapter2.tex [6 <E:/Latex/Ex
traWork/ComputerArchitechture/Chapter1//Figure/Fig10.png>]
Chapter 2.
<E:/Latex/ExtraWork/ComputerArchitechture/Chapter2//Figure/Fig1.png, id=181, 55
4.07pt x 258.9675pt>
File: E:/Latex/ExtraWork/ComputerArchitechture/Chapter2//Figure/Fig1.png Graphi
c file (type png)
<use E:/Latex/ExtraWork/ComputerArchitechture/Chapter2//Figure/Fig1.png>
Package pdftex.def Info: E:/Latex/ExtraWork/ComputerArchitechture/Chapter2//Fig
ure/Fig1.png  used on input line 21.
(pdftex.def)             Requested size: 498.6584pt x 233.06857pt.

Overfull \hbox (29.18791pt too wide) in paragraph at lines 21--23
 [][] 
 []

[7

 <E:/Latex/ExtraWork/ComputerArchitechture/Chapter2//Figure/Fig1.png>]
<E:/Latex/ExtraWork/ComputerArchitechture/Chapter2//Figure/Fig2.png, id=186, 89
8.85812pt x 272.51813pt>
File: E:/Latex/ExtraWork/ComputerArchitechture/Chapter2//Figure/Fig2.png Graphi
c file (type png)
<use E:/Latex/ExtraWork/ComputerArchitechture/Chapter2//Figure/Fig2.png>
Package pdftex.def Info: E:/Latex/ExtraWork/ComputerArchitechture/Chapter2//Fig
ure/Fig2.png  used on input line 55.
(pdftex.def)             Requested size: 539.31903pt x 163.51213pt.

Overfull \hbox (69.84854pt too wide) in paragraph at lines 55--57
 [][] 
 []

[8 <E:/Latex/ExtraWork/ComputerArchitechture/Chapter2//Figure/Fig2.png>]
<E:/Latex/ExtraWork/ComputerArchitechture/Chapter2//Figure/Fig3.png, id=191, 10
26.83624pt x 310.91156pt>
File: E:/Latex/ExtraWork/ComputerArchitechture/Chapter2//Figure/Fig3.png Graphi
c file (type png)
<use E:/Latex/ExtraWork/ComputerArchitechture/Chapter2//Figure/Fig3.png>
Package pdftex.def Info: E:/Latex/ExtraWork/ComputerArchitechture/Chapter2//Fig
ure/Fig3.png  used on input line 77.
(pdftex.def)             Requested size: 513.41687pt x 155.45538pt.

Overfull \hbox (43.94638pt too wide) in paragraph at lines 77--79
 [][] 
 []

<E:/Latex/ExtraWork/ComputerArchitechture/Chapter2//Figure/Fig6.png, id=192, 77
6.9025pt x 365.86688pt>
File: E:/Latex/ExtraWork/ComputerArchitechture/Chapter2//Figure/Fig6.png Graphi
c file (type png)
<use E:/Latex/ExtraWork/ComputerArchitechture/Chapter2//Figure/Fig6.png>
Package pdftex.def Info: E:/Latex/ExtraWork/ComputerArchitechture/Chapter2//Fig
ure/Fig6.png  used on input line 83.
(pdftex.def)             Requested size: 466.14508pt x 219.52182pt.
[9 <E:/Latex/ExtraWork/ComputerArchitechture/Chapter2//Figure/Fig3.png> <E:/Lat
ex/ExtraWork/ComputerArchitechture/Chapter2//Figure/Fig6.png>]
<E:/Latex/ExtraWork/ComputerArchitechture/Chapter2//Figure/Fig4.png, id=197, 88
0.03781pt x 310.15875pt>
File: E:/Latex/ExtraWork/ComputerArchitechture/Chapter2//Figure/Fig4.png Graphi
c file (type png)
<use E:/Latex/ExtraWork/ComputerArchitechture/Chapter2//Figure/Fig4.png>
Package pdftex.def Info: E:/Latex/ExtraWork/ComputerArchitechture/Chapter2//Fig
ure/Fig4.png  used on input line 90.
(pdftex.def)             Requested size: 528.02676pt x 186.09668pt.

Overfull \hbox (58.55627pt too wide) in paragraph at lines 90--92
 [][] 
 []

<E:/Latex/ExtraWork/ComputerArchitechture/Chapter2//Figure/Fig5.png, id=198, 88
3.80188pt x 310.91156pt>
File: E:/Latex/ExtraWork/ComputerArchitechture/Chapter2//Figure/Fig5.png Graphi
c file (type png)
<use E:/Latex/ExtraWork/ComputerArchitechture/Chapter2//Figure/Fig5.png>
Package pdftex.def Info: E:/Latex/ExtraWork/ComputerArchitechture/Chapter2//Fig
ure/Fig5.png  used on input line 96.
(pdftex.def)             Requested size: 530.28522pt x 186.54836pt.

Overfull \hbox (60.81473pt too wide) in paragraph at lines 96--98
 [][] 
 []

<E:/Latex/ExtraWork/ComputerArchitechture/Chapter2//Figure/Fig7.png, id=199, 80
4.00375pt x 304.88907pt>
File: E:/Latex/ExtraWork/ComputerArchitechture/Chapter2//Figure/Fig7.png Graphi
c file (type png)
<use E:/Latex/ExtraWork/ComputerArchitechture/Chapter2//Figure/Fig7.png>
Package pdftex.def Info: E:/Latex/ExtraWork/ComputerArchitechture/Chapter2//Fig
ure/Fig7.png  used on input line 102.
(pdftex.def)             Requested size: 482.40598pt x 182.93484pt.

Overfull \hbox (12.93549pt too wide) in paragraph at lines 102--104
 [][] 
 []

[10 <E:/Latex/ExtraWork/ComputerArchitechture/Chapter2//Figure/Fig4.png> <E:/La
tex/ExtraWork/ComputerArchitechture/Chapter2//Figure/Fig5.png> <E:/Latex/ExtraW
ork/ComputerArchitechture/Chapter2//Figure/Fig7.png>]
<E:/Latex/ExtraWork/ComputerArchitechture/Chapter2//Figure/Fig8.png, id=204, 78
8.9475pt x 304.13625pt>
File: E:/Latex/ExtraWork/ComputerArchitechture/Chapter2//Figure/Fig8.png Graphi
c file (type png)
<use E:/Latex/ExtraWork/ComputerArchitechture/Chapter2//Figure/Fig8.png>
Package pdftex.def Info: E:/Latex/ExtraWork/ComputerArchitechture/Chapter2//Fig
ure/Fig8.png  used on input line 109.
(pdftex.def)             Requested size: 473.37215pt x 182.48315pt.

Overfull \hbox (3.90166pt too wide) in paragraph at lines 109--111
 [][] 
 []

<E:/Latex/ExtraWork/ComputerArchitechture/Chapter2//Figure/Fig9.png, id=205, 70
7.64375pt x 288.3272pt>
File: E:/Latex/ExtraWork/ComputerArchitechture/Chapter2//Figure/Fig9.png Graphi
c file (type png)
<use E:/Latex/ExtraWork/ComputerArchitechture/Chapter2//Figure/Fig9.png>
Package pdftex.def Info: E:/Latex/ExtraWork/ComputerArchitechture/Chapter2//Fig
ure/Fig9.png  used on input line 115.
(pdftex.def)             Requested size: 495.34726pt x 201.82765pt.

Overfull \hbox (25.87677pt too wide) in paragraph at lines 115--117
 [][] 
 []

) (E:/Latex/ExtraWork/ComputerArchitechture/Chapter3/Chapter3.tex [11 <E:/Latex
/ExtraWork/ComputerArchitechture/Chapter2//Figure/Fig8.png> <E:/Latex/ExtraWork
/ComputerArchitechture/Chapter2//Figure/Fig9.png>]
Chapter 3.
<E:/Latex/ExtraWork/ComputerArchitechture/Chapter3//Figure/Fig1.png, id=210, 45
9.21562pt x 188.95593pt>
File: E:/Latex/ExtraWork/ComputerArchitechture/Chapter3//Figure/Fig1.png Graphi
c file (type png)
<use E:/Latex/ExtraWork/ComputerArchitechture/Chapter3//Figure/Fig1.png>
Package pdftex.def Info: E:/Latex/ExtraWork/ComputerArchitechture/Chapter3//Fig
ure/Fig1.png  used on input line 41.
(pdftex.def)             Requested size: 459.2145pt x 188.95546pt.
[12

 <E:/Latex/ExtraWork/ComputerArchitechture/Chapter3//Figure/Fig1.png>]
<E:/Latex/ExtraWork/ComputerArchitechture/Chapter3//Figure/Fig2.png, id=216, 46
2.22687pt x 167.87718pt>
File: E:/Latex/ExtraWork/ComputerArchitechture/Chapter3//Figure/Fig2.png Graphi
c file (type png)
<use E:/Latex/ExtraWork/ComputerArchitechture/Chapter3//Figure/Fig2.png>
Package pdftex.def Info: E:/Latex/ExtraWork/ComputerArchitechture/Chapter3//Fig
ure/Fig2.png  used on input line 48.
(pdftex.def)             Requested size: 462.22574pt x 167.87677pt.
<E:/Latex/ExtraWork/ComputerArchitechture/Chapter3//Figure/Fig3.png, id=217, 46
9.755pt x 215.30438pt>
File: E:/Latex/ExtraWork/ComputerArchitechture/Chapter3//Figure/Fig3.png Graphi
c file (type png)
<use E:/Latex/ExtraWork/ComputerArchitechture/Chapter3//Figure/Fig3.png>
Package pdftex.def Info: E:/Latex/ExtraWork/ComputerArchitechture/Chapter3//Fig
ure/Fig3.png  used on input line 58.
(pdftex.def)             Requested size: 469.75386pt x 215.30385pt.

[13 <E:/Latex/ExtraWork/ComputerArchitechture/Chapter3//Figure/Fig2.png> <E:/La
tex/ExtraWork/ComputerArchitechture/Chapter3//Figure/Fig3.png>]
<E:/Latex/ExtraWork/ComputerArchitechture/Chapter3//Figure/Fig4.png, id=222, 46
9.755pt x 233.37187pt>
File: E:/Latex/ExtraWork/ComputerArchitechture/Chapter3//Figure/Fig4.png Graphi
c file (type png)
<use E:/Latex/ExtraWork/ComputerArchitechture/Chapter3//Figure/Fig4.png>
Package pdftex.def Info: E:/Latex/ExtraWork/ComputerArchitechture/Chapter3//Fig
ure/Fig4.png  used on input line 65.
(pdftex.def)             Requested size: 469.75386pt x 233.37129pt.
<E:/Latex/ExtraWork/ComputerArchitechture/Chapter3//Figure/Fig5.png, id=223, 46
9.755pt x 218.31563pt>
File: E:/Latex/ExtraWork/ComputerArchitechture/Chapter3//Figure/Fig5.png Graphi
c file (type png)
<use E:/Latex/ExtraWork/ComputerArchitechture/Chapter3//Figure/Fig5.png>
Package pdftex.def Info: E:/Latex/ExtraWork/ComputerArchitechture/Chapter3//Fig
ure/Fig5.png  used on input line 72.
(pdftex.def)             Requested size: 469.75386pt x 218.31508pt.
 [14 <E:/Latex/ExtraWork/ComputerArchitechture/Chapter3//Figure/Fig4.png> <E:/L
atex/ExtraWork/ComputerArchitechture/Chapter3//Figure/Fig5.png>]
<E:/Latex/ExtraWork/ComputerArchitechture/Chapter3//Figure/pipeline.pdf, id=228
, 863.14468pt x 516.97137pt>
File: E:/Latex/ExtraWork/ComputerArchitechture/Chapter3//Figure/pipeline.pdf Gr
aphic file (type pdf)
<use E:/Latex/ExtraWork/ComputerArchitechture/Chapter3//Figure/pipeline.pdf>
Package pdftex.def Info: E:/Latex/ExtraWork/ComputerArchitechture/Chapter3//Fig
ure/pipeline.pdf  used on input line 81.
(pdftex.def)             Requested size: 517.89081pt x 310.18521pt.

Overfull \hbox (48.42032pt too wide) in paragraph at lines 81--83
 [][] 
 []

<E:/Latex/ExtraWork/ComputerArchitechture/Chapter3//Figure/S_F.pdf, id=229, 439
.6425pt x 302.0886pt>
File: E:/Latex/ExtraWork/ComputerArchitechture/Chapter3//Figure/S_F.pdf Graphic
 file (type pdf)
<use E:/Latex/ExtraWork/ComputerArchitechture/Chapter3//Figure/S_F.pdf>
Package pdftex.def Info: E:/Latex/ExtraWork/ComputerArchitechture/Chapter3//Fig
ure/S_F.pdf  used on input line 89.
(pdftex.def)             Requested size: 351.71446pt x 241.67119pt.
[15 <E:/Latex/ExtraWork/ComputerArchitechture/Chapter3//Figure/pipeline.pdf> <E
:/Latex/ExtraWork/ComputerArchitechture/Chapter3//Figure/S_F.pdf>]
<E:/Latex/ExtraWork/ComputerArchitechture/Chapter3//Figure/Branch.pdf, id=268, 
600.32281pt x 465.65968pt>
File: E:/Latex/ExtraWork/ComputerArchitechture/Chapter3//Figure/Branch.pdf Grap
hic file (type pdf)
<use E:/Latex/ExtraWork/ComputerArchitechture/Chapter3//Figure/Branch.pdf>
Package pdftex.def Info: E:/Latex/ExtraWork/ComputerArchitechture/Chapter3//Fig
ure/Branch.pdf  used on input line 96.
(pdftex.def)             Requested size: 480.2589pt x 372.52824pt.

Overfull \hbox (10.7884pt too wide) in paragraph at lines 96--98
 [][] 
 []

[16 <E:/Latex/ExtraWork/ComputerArchitechture/Chapter3//Figure/Branch.pdf>]
<E:/Latex/ExtraWork/ComputerArchitechture/Chapter3//Figure/Fig6.png, id=291, 10
26.83624pt x 312.41719pt>
File: E:/Latex/ExtraWork/ComputerArchitechture/Chapter3//Figure/Fig6.png Graphi
c file (type png)
<use E:/Latex/ExtraWork/ComputerArchitechture/Chapter3//Figure/Fig6.png>
Package pdftex.def Info: E:/Latex/ExtraWork/ComputerArchitechture/Chapter3//Fig
ure/Fig6.png  used on input line 114.
(pdftex.def)             Requested size: 513.41687pt x 156.2082pt.

Overfull \hbox (43.94638pt too wide) in paragraph at lines 114--116
 [][] 
 []

<E:/Latex/ExtraWork/ComputerArchitechture/Chapter3//Figure/Fig7.png, id=292, 73
0.22812pt x 398.23781pt>
File: E:/Latex/ExtraWork/ComputerArchitechture/Chapter3//Figure/Fig7.png Graphi
c file (type png)
<use E:/Latex/ExtraWork/ComputerArchitechture/Chapter3//Figure/Fig7.png>
Package pdftex.def Info: E:/Latex/ExtraWork/ComputerArchitechture/Chapter3//Fig
ure/Fig7.png  used on input line 120.
(pdftex.def)             Requested size: 438.14024pt x 238.94452pt.
) (E:/Latex/ExtraWork/ComputerArchitechture/Chapter4/Chapter4.tex [17 <E:/Latex
/ExtraWork/ComputerArchitechture/Chapter3//Figure/Fig6.png> <E:/Latex/ExtraWork
/ComputerArchitechture/Chapter3//Figure/Fig7.png>]
Chapter 4.
[18

]) [19] (Report.aux)
Package rerunfilecheck Info: File `Report.out' has not changed.
(rerunfilecheck)             Checksum: 14C70C2551EF1C9BC1B5B968985E443C;5035.
 ) 
Here is how much of TeX's memory you used:
 32348 strings out of 478868
 762559 string characters out of 2848299
 1176783 words of memory out of 3000000
 49615 multiletter control sequences out of 15000+600000
 418526 words of font info for 59 fonts, out of 8000000 for 9000
 1141 hyphenation exceptions out of 8191
 99i,15n,103p,769b,658s stack positions out of 5000i,500n,10000p,200000b,80000s
 <C:\Users\Kim So\AppData\Local\MiKTeX\fonts/pk/ljfour/jknappen/ec/dpi600\tcr
m1200.pk><C:/Users/Kim So/AppData/Local/Programs/MiKTeX/fonts/type1/public/amsf
onts/cm/cmmi12.pfb><C:/Users/Kim So/AppData/Local/Programs/MiKTeX/fonts/type1/p
ublic/amsfonts/cm/cmr12.pfb><C:/Users/Kim So/AppData/Local/Programs/MiKTeX/font
s/type1/public/amsfonts/cm/cmr8.pfb><C:/Users/Kim So/AppData/Local/Programs/MiK
TeX/fonts/type1/public/amsfonts/cm/cmsy10.pfb><C:/Users/Kim So/AppData/Local/Pr
ograms/MiKTeX/fonts/type1/vntex/vnr/vnbx12.pfb><C:/Users/Kim So/AppData/Local/P
rograms/MiKTeX/fonts/type1/vntex/vnr/vnr12.pfb><C:/Users/Kim So/AppData/Local/P
rograms/MiKTeX/fonts/type1/vntex/vnr/vnr17.pfb><C:/Users/Kim So/AppData/Local/P
rograms/MiKTeX/fonts/type1/vntex/vnr/vnti12.pfb>
Output written on Report.pdf (20 pages, 1129970 bytes).
PDF statistics:
 358 PDF objects out of 1000 (max. 8388607)
 46 named destinations out of 1000 (max. 500000)
 358 words of extra memory for PDF output out of 10000 (max. 10000000)

