\BOOKMARK [0][-]{chapter.1}{\376\377\000C\001\241\000\040\000s\036\337\000\040\000l\000\375\000\040\000t\000h\000u\000y\036\277\000t\000\040\000v\036\301\000\040\000C\000P\000U\000\040\000R\000I\000C\000S\000V\000\040\0003\0002}{}% 1
\BOOKMARK [1][-]{section.1.1}{\376\377\000G\000i\036\333\000i\000\040\000t\000h\000i\036\307\000u\000\040\000t\036\325\000n\000g\000\040\000q\000u\000\341\000t\000\040\000v\036\301\000\040\000C\000P\000U\000\040\000R\000I\000C\000S\000V\000\040\0003\0002}{chapter.1}% 2
\BOOKMARK [1][-]{section.1.2}{\376\377\000N\000h\000\363\000m\000\040\000l\036\307\000n\000h\000\040\000R\000-\000F\000o\000r\000m\000a\000t}{chapter.1}% 3
\BOOKMARK [1][-]{section.1.3}{\376\377\000N\000h\000\363\000m\000\040\000l\036\307\000n\000h\000\040\000I\000\040\000\050\000t\000\355\000n\000h\000\040\000t\000o\000\341\000n\000\051}{chapter.1}% 4
\BOOKMARK [1][-]{section.1.4}{\376\377\000N\000h\000\363\000m\000\040\000l\036\307\000n\000h\000\040\000L\000\040\000\050\000L\000o\000a\000d\000\040\000d\000a\000t\000a\000\051}{chapter.1}% 5
\BOOKMARK [1][-]{section.1.5}{\376\377\000N\000h\000\363\000m\000\040\000l\036\307\000n\000h\000\040\000S\000\040\000\050\000S\000t\000o\000r\000e\000\040\000d\000a\000t\000a\000\051}{chapter.1}% 6
\BOOKMARK [1][-]{section.1.6}{\376\377\000N\000h\000\363\000m\000\040\000l\036\307\000n\000h\000\040\000B\000\040\000\050\000R\036\275\000\040\000n\000h\000\341\000n\000h\000\051}{chapter.1}% 7
\BOOKMARK [1][-]{section.1.7}{\376\377\000N\000h\000\363\000m\000\040\000l\036\307\000n\000h\000\040\000U}{chapter.1}% 8
\BOOKMARK [1][-]{section.1.8}{\376\377\000N\000h\000\363\000m\000\040\000l\036\307\000n\000h\000\040\000J\000\040\000\050\000n\000h\036\243\000y\000\040\000k\000h\000\364\000n\000g\000\040\001\021\000i\036\301\000u\000\040\000k\000i\036\307\000n\000\051}{chapter.1}% 9
\BOOKMARK [0][-]{chapter.2}{\376\377\000T\000h\000i\036\277\000t\000\040\000k\036\277\000\040\000C\000P\000U\000\040\000R\000I\000C\000S\000V\000\040\0003\0002\000\040\001\021\001\241\000n\000\040\000c\000h\000u\000\040\000k\036\363}{}% 10
\BOOKMARK [1][-]{section.2.1}{\376\377\000T\000h\000i\036\277\000t\000\040\000k\036\277\000\040\000p\000h\036\247\000n\000\040\000c\036\351\000n\000g}{chapter.2}% 11
\BOOKMARK [1][-]{section.2.2}{\376\377\000T\000h\036\361\000c\000\040\000h\000i\036\307\000n\000\040\000m\000\364\000\040\000p\000h\036\317\000n\000g}{chapter.2}% 12
\BOOKMARK [2][-]{subsection.2.2.1}{\376\377\000V\000i\036\277\000t\000\040\001\021\000o\036\241\000n\000\040\000c\000h\001\260\001\241\000n\000g\000\040\000t\000r\000\354\000n\000h\000\040\000t\000e\000s\000t}{section.2.2}% 13
\BOOKMARK [2][-]{subsection.2.2.2}{\376\377\000T\000e\000s\000t\000\040\000d\036\241\000n\000g\000\040\000s\000\363\000n\000g\000\040\000t\000r\000\352\000n\000\040\000M\000o\000d\000e\000l\000S\000i\000m\000\040\000v\000\340\000\040\000k\036\277\000t\000\040\000q\000u\036\243\000\040\000m\000\364\000\040\000p\000h\036\317\000n\000g}{section.2.2}% 14
\BOOKMARK [0][-]{chapter.3}{\376\377\000T\000h\000i\036\277\000t\000\040\000k\036\277\000\040\000C\000P\000U\000\040\000R\000I\000C\000S\000V\000\040\0003\0002\000\040\000P\000i\000p\000e\000l\000i\000n\000e\000\040\0005\000\040\000t\036\247\000n\000g}{}% 15
\BOOKMARK [1][-]{section.3.1}{\376\377\000T\036\325\000n\000g\000\040\000q\000u\000\341\000t\000\040\000v\036\301\000\040\000P\000i\000p\000e\000l\000i\000n\000e\000\040}{chapter.3}% 16
\BOOKMARK [1][-]{section.3.2}{\376\377\000P\000i\000p\000e\000l\000i\000n\000i\000n\000g\000\040\000H\000a\000z\000a\000r\000d\000s}{chapter.3}% 17
\BOOKMARK [2][-]{subsection.3.2.1}{\376\377\000S\000t\000r\000u\000c\000t\000u\000r\000a\000l\000\040\000H\000a\000z\000a\000r\000d}{section.3.2}% 18
\BOOKMARK [2][-]{subsection.3.2.2}{\376\377\000C\000o\000n\000t\000r\000o\000l\000\040\000H\000a\000z\000a\000r\000d\000\040}{section.3.2}% 19
\BOOKMARK [2][-]{subsection.3.2.3}{\376\377\000D\000a\000t\000a\000\040\000h\000a\000z\000a\000r\000d\000\040}{section.3.2}% 20
\BOOKMARK [1][-]{section.3.3}{\376\377\000T\000h\000i\036\277\000t\000\040\000k\036\277\000\040\000P\000i\000p\000e\000l\000i\000n\000e\000\040\0005\000\040\000t\036\247\000n\000g}{chapter.3}% 21
\BOOKMARK [1][-]{section.3.4}{\376\377\000T\000h\036\361\000c\000\040\000h\000i\036\307\000n\000\040\000m\000\364\000\040\000p\000h\036\317\000n\000g}{chapter.3}% 22
\BOOKMARK [2][-]{subsection.3.4.1}{\376\377\000V\000i\036\277\000t\000\040\001\021\000o\036\241\000n\000\040\000c\000h\001\260\001\241\000n\000g\000\040\000t\000r\000\354\000n\000h\000\040\000t\000e\000s\000t}{section.3.4}% 23
\BOOKMARK [2][-]{subsection.3.4.2}{\376\377\000T\000e\000s\000t\000\040\000d\036\241\000n\000g\000\040\000s\000\363\000n\000g\000\040\000t\000r\000\352\000n\000\040\000M\000o\000d\000e\000l\000S\000i\000m\000\040\000v\000\340\000\040\000k\036\277\000t\000\040\000q\000u\036\243\000\040\000m\000\364\000\040\000p\000h\036\317\000n\000g}{section.3.4}% 24
\BOOKMARK [0][-]{chapter.4}{\376\377\000K\036\277\000t\000\040\000L\000u\036\255\000n}{}% 25
